# JRE version: OpenJDK Runtime Environment (8.0_202) (build 1.8.0_202-release-1483-b49-5587405)
# Java VM: OpenJDK 64-Bit Server VM (25.202-b49-5587405 mixed mode linux-amd64 compressed oops)
Heap:
 PSYoungGen      total 227840K, used 26613K [0x00000000e0000000, 0x00000000ef880000, 0x0000000100000000)
  eden space 201216K, 0% used [0x00000000e0000000,0x00000000e0000000,0x00000000ec480000)
  from space 26624K, 99% used [0x00000000ec480000,0x00000000ede7d718,0x00000000ede80000)
  to   space 23552K, 0% used [0x00000000ee180000,0x00000000ee180000,0x00000000ef880000)
 ParOldGen       total 271360K, used 43014K [0x00000000a0000000, 0x00000000b0900000, 0x00000000e0000000)
  object space 271360K, 15% used [0x00000000a0000000,0x00000000a2a01818,0x00000000b0900000)
 Metaspace       used 69293K, capacity 72722K, committed 72920K, reserved 1112064K
  class space    used 9323K, capacity 10154K, committed 10240K, reserved 1048576K
GC Heap History (10 events):
Event: 11.273 GC heap after
Heap after GC invocations=9 (full 2):
 PSYoungGen      total 136704K, used 13294K [0x00000000e0000000, 0x00000000ec480000, 0x0000000100000000)
  eden space 123392K, 0% used [0x00000000e0000000,0x00000000e0000000,0x00000000e7880000)
  from space 13312K, 99% used [0x00000000e7880000,0x00000000e857b828,0x00000000e8580000)
  to   space 15872K, 0% used [0x00000000eb500000,0x00000000eb500000,0x00000000ec480000)
 ParOldGen       total 184832K, used 19504K [0x00000000a0000000, 0x00000000ab480000, 0x00000000e0000000)
  object space 184832K, 10% used [0x00000000a0000000,0x00000000a130c220,0x00000000ab480000)
 Metaspace       used 45717K, capacity 46730K, committed 46936K, reserved 1089536K
  class space    used 6118K, capacity 6416K, committed 6528K, reserved 1048576K
}
Event: 13.145 GC heap before
{Heap before GC invocations=10 (full 2):
 PSYoungGen      total 136704K, used 136686K [0x00000000e0000000, 0x00000000ec480000, 0x0000000100000000)
  eden space 123392K, 100% used [0x00000000e0000000,0x00000000e7880000,0x00000000e7880000)
  from space 13312K, 99% used [0x00000000e7880000,0x00000000e857b828,0x00000000e8580000)
  to   space 15872K, 0% used [0x00000000eb500000,0x00000000eb500000,0x00000000ec480000)
 ParOldGen       total 184832K, used 19504K [0x00000000a0000000, 0x00000000ab480000, 0x00000000e0000000)
  object space 184832K, 10% used [0x00000000a0000000,0x00000000a130c220,0x00000000ab480000)
 Metaspace       used 52463K, capacity 54014K, committed 54232K, reserved 1095680K
  class space    used 7153K, capacity 7561K, committed 7680K, reserved 1048576K
Event: 13.171 GC heap after
Heap after GC invocations=10 (full 2):
 PSYoungGen      total 182272K, used 15859K [0x00000000e0000000, 0x00000000ec800000, 0x0000000100000000)
  eden space 166400K, 0% used [0x00000000e0000000,0x00000000e0000000,0x00000000ea280000)
  from space 15872K, 99% used [0x00000000eb500000,0x00000000ec47cec0,0x00000000ec480000)
  to   space 18944K, 0% used [0x00000000ea280000,0x00000000ea280000,0x00000000eb500000)
 ParOldGen       total 184832K, used 22901K [0x00000000a0000000, 0x00000000ab480000, 0x00000000e0000000)
  object space 184832K, 12% used [0x00000000a0000000,0x00000000a165d450,0x00000000ab480000)
 Metaspace       used 52463K, capacity 54014K, committed 54232K, reserved 1095680K
  class space    used 7153K, capacity 7561K, committed 7680K, reserved 1048576K
}
Event: 14.699 GC heap before
{Heap before GC invocations=11 (full 2):
 PSYoungGen      total 182272K, used 125658K [0x00000000e0000000, 0x00000000ec800000, 0x0000000100000000)
  eden space 166400K, 65% used [0x00000000e0000000,0x00000000e6b39c60,0x00000000ea280000)
  from space 15872K, 99% used [0x00000000eb500000,0x00000000ec47cec0,0x00000000ec480000)
  to   space 18944K, 0% used [0x00000000ea280000,0x00000000ea280000,0x00000000eb500000)
 ParOldGen       total 184832K, used 22901K [0x00000000a0000000, 0x00000000ab480000, 0x00000000e0000000)
  object space 184832K, 12% used [0x00000000a0000000,0x00000000a165d450,0x00000000ab480000)
 Metaspace       used 57040K, capacity 58924K, committed 58968K, reserved 1099776K
  class space    used 7786K, capacity 8314K, committed 8320K, reserved 1048576K
Event: 14.761 GC heap after
Heap after GC invocations=11 (full 2):
 PSYoungGen      total 185344K, used 18933K [0x00000000e0000000, 0x00000000ef900000, 0x0000000100000000)
  eden space 166400K, 0% used [0x00000000e0000000,0x00000000e0000000,0x00000000ea280000)
  from space 18944K, 99% used [0x00000000ea280000,0x00000000eb4fd568,0x00000000eb500000)
  to   space 24064K, 0% used [0x00000000ee180000,0x00000000ee180000,0x00000000ef900000)
 ParOldGen       total 184832K, used 29084K [0x00000000a0000000, 0x00000000ab480000, 0x00000000e0000000)
  object space 184832K, 15% used [0x00000000a0000000,0x00000000a1c67230,0x00000000ab480000)
 Metaspace       used 57040K, capacity 58924K, committed 58968K, reserved 1099776K
  class space    used 7786K, capacity 8314K, committed 8320K, reserved 1048576K
}
Event: 14.767 GC heap before
{Heap before GC invocations=12 (full 3):
 PSYoungGen      total 185344K, used 18933K [0x00000000e0000000, 0x00000000ef900000, 0x0000000100000000)
  eden space 166400K, 0% used [0x00000000e0000000,0x00000000e0000000,0x00000000ea280000)
  from space 18944K, 99% used [0x00000000ea280000,0x00000000eb4fd568,0x00000000eb500000)
  to   space 24064K, 0% used [0x00000000ee180000,0x00000000ee180000,0x00000000ef900000)
 ParOldGen       total 184832K, used 29084K [0x00000000a0000000, 0x00000000ab480000, 0x00000000e0000000)
  object space 184832K, 15% used [0x00000000a0000000,0x00000000a1c67230,0x00000000ab480000)
 Metaspace       used 57040K, capacity 58924K, committed 58968K, reserved 1099776K
  class space    used 7786K, capacity 8314K, committed 8320K, reserved 1048576K
Event: 15.069 GC heap after
Heap after GC invocations=12 (full 3):
 PSYoungGen      total 185344K, used 0K [0x00000000e0000000, 0x00000000ef900000, 0x0000000100000000)
  eden space 166400K, 0% used [0x00000000e0000000,0x00000000e0000000,0x00000000ea280000)
  from space 18944K, 0% used [0x00000000ea280000,0x00000000ea280000,0x00000000eb500000)
  to   space 24064K, 0% used [0x00000000ee180000,0x00000000ee180000,0x00000000ef900000)
 ParOldGen       total 271360K, used 39771K [0x00000000a0000000, 0x00000000b0900000, 0x00000000e0000000)
  object space 271360K, 14% used [0x00000000a0000000,0x00000000a26d6db0,0x00000000b0900000)
 Metaspace       used 57040K, capacity 58924K, committed 58968K, reserved 1099776K
  class space    used 7786K, capacity 8314K, committed 8320K, reserved 1048576K
}
Event: 18.789 GC heap before
{Heap before GC invocations=13 (full 3):
 PSYoungGen      total 185344K, used 166400K [0x00000000e0000000, 0x00000000ef900000, 0x0000000100000000)
  eden space 166400K, 100% used [0x00000000e0000000,0x00000000ea280000,0x00000000ea280000)
  from space 18944K, 0% used [0x00000000ea280000,0x00000000ea280000,0x00000000eb500000)
  to   space 24064K, 0% used [0x00000000ee180000,0x00000000ee180000,0x00000000ef900000)
 ParOldGen       total 271360K, used 39771K [0x00000000a0000000, 0x00000000b0900000, 0x00000000e0000000)
  object space 271360K, 14% used [0x00000000a0000000,0x00000000a26d6db0,0x00000000b0900000)
 Metaspace       used 63301K, capacity 66010K, committed 66264K, reserved 1105920K
  class space    used 8385K, capacity 9111K, committed 9216K, reserved 1048576K
Event: 18.822 GC heap after
Heap after GC invocations=13 (full 3):
 PSYoungGen      total 224768K, used 23404K [0x00000000e0000000, 0x00000000ef880000, 0x0000000100000000)
  eden space 201216K, 0% used [0x00000000e0000000,0x00000000e0000000,0x00000000ec480000)
  from space 23552K, 99% used [0x00000000ee180000,0x00000000ef85b190,0x00000000ef880000)
  to   space 26624K, 0% used [0x00000000ec480000,0x00000000ec480000,0x00000000ede80000)
 ParOldGen       total 271360K, used 39779K [0x00000000a0000000, 0x00000000b0900000, 0x00000000e0000000)
  object space 271360K, 14% used [0x00000000a0000000,0x00000000a26d8db0,0x00000000b0900000)
 Metaspace       used 63301K, capacity 66010K, committed 66264K, reserved 1105920K
  class space    used 8385K, capacity 9111K, committed 9216K, reserved 1048576K
}
Event: 24.322 GC heap before
{Heap before GC invocations=14 (full 3):
 PSYoungGen      total 224768K, used 224620K [0x00000000e0000000, 0x00000000ef880000, 0x0000000100000000)
  eden space 201216K, 100% used [0x00000000e0000000,0x00000000ec480000,0x00000000ec480000)
  from space 23552K, 99% used [0x00000000ee180000,0x00000000ef85b190,0x00000000ef880000)
  to   space 26624K, 0% used [0x00000000ec480000,0x00000000ec480000,0x00000000ede80000)
 ParOldGen       total 271360K, used 39779K [0x00000000a0000000, 0x00000000b0900000, 0x00000000e0000000)
  object space 271360K, 14% used [0x00000000a0000000,0x00000000a26d8db0,0x00000000b0900000)
 Metaspace       used 69293K, capacity 72722K, committed 72920K, reserved 1112064K
  class space    used 9323K, capacity 10154K, committed 10240K, reserved 1048576K

